1740923878342|0|statement|connection 314|url jdbc:h2:mem:d435ab9e-8f8c-4053-811b-766ea6a9577d|drop table if exists comments cascade |drop table if exists comments cascade 
1740923878343|0|statement|connection 314|url jdbc:h2:mem:d435ab9e-8f8c-4053-811b-766ea6a9577d|drop table if exists member cascade |drop table if exists member cascade 
1740923878343|0|statement|connection 314|url jdbc:h2:mem:d435ab9e-8f8c-4053-811b-766ea6a9577d|drop table if exists post cascade |drop table if exists post cascade 
1740923878343|0|statement|connection 314|url jdbc:h2:mem:d435ab9e-8f8c-4053-811b-766ea6a9577d|drop sequence if exists comments_seq|drop sequence if exists comments_seq
1740923878343|0|statement|connection 314|url jdbc:h2:mem:d435ab9e-8f8c-4053-811b-766ea6a9577d|drop sequence if exists member_seq|drop sequence if exists member_seq
1740923878343|0|statement|connection 314|url jdbc:h2:mem:d435ab9e-8f8c-4053-811b-766ea6a9577d|drop sequence if exists post_seq|drop sequence if exists post_seq
1740924089093|0|statement|connection 317|url jdbc:h2:mem:856aac63-c111-4872-85b7-cf92a4090a49|drop table if exists comments cascade |drop table if exists comments cascade 
1740924089094|0|statement|connection 317|url jdbc:h2:mem:856aac63-c111-4872-85b7-cf92a4090a49|drop table if exists member cascade |drop table if exists member cascade 
1740924089094|0|statement|connection 317|url jdbc:h2:mem:856aac63-c111-4872-85b7-cf92a4090a49|drop table if exists post cascade |drop table if exists post cascade 
1740924089094|0|statement|connection 317|url jdbc:h2:mem:856aac63-c111-4872-85b7-cf92a4090a49|drop sequence if exists comments_seq|drop sequence if exists comments_seq
1740924089094|0|statement|connection 317|url jdbc:h2:mem:856aac63-c111-4872-85b7-cf92a4090a49|drop sequence if exists member_seq|drop sequence if exists member_seq
1740924089094|0|statement|connection 317|url jdbc:h2:mem:856aac63-c111-4872-85b7-cf92a4090a49|drop sequence if exists post_seq|drop sequence if exists post_seq
1740924202252|0|statement|connection 317|url jdbc:h2:mem:0c0f5907-9bba-419a-b272-dd328305b59a|drop table if exists comments cascade |drop table if exists comments cascade 
1740924202253|0|statement|connection 317|url jdbc:h2:mem:0c0f5907-9bba-419a-b272-dd328305b59a|drop table if exists member cascade |drop table if exists member cascade 
1740924202253|0|statement|connection 317|url jdbc:h2:mem:0c0f5907-9bba-419a-b272-dd328305b59a|drop table if exists post cascade |drop table if exists post cascade 
1740924202253|0|statement|connection 317|url jdbc:h2:mem:0c0f5907-9bba-419a-b272-dd328305b59a|drop sequence if exists comments_seq|drop sequence if exists comments_seq
1740924202253|0|statement|connection 317|url jdbc:h2:mem:0c0f5907-9bba-419a-b272-dd328305b59a|drop sequence if exists member_seq|drop sequence if exists member_seq
1740924202253|0|statement|connection 317|url jdbc:h2:mem:0c0f5907-9bba-419a-b272-dd328305b59a|drop sequence if exists post_seq|drop sequence if exists post_seq
1740925759993|0|statement|connection 317|url jdbc:h2:mem:f1514ec5-7312-40a5-aa54-c4a962c4c74d|drop table if exists comments cascade |drop table if exists comments cascade 
1740925759994|0|statement|connection 317|url jdbc:h2:mem:f1514ec5-7312-40a5-aa54-c4a962c4c74d|drop table if exists member cascade |drop table if exists member cascade 
1740925759994|0|statement|connection 317|url jdbc:h2:mem:f1514ec5-7312-40a5-aa54-c4a962c4c74d|drop table if exists post cascade |drop table if exists post cascade 
1740925759994|0|statement|connection 317|url jdbc:h2:mem:f1514ec5-7312-40a5-aa54-c4a962c4c74d|drop sequence if exists comments_seq|drop sequence if exists comments_seq
1740925759994|0|statement|connection 317|url jdbc:h2:mem:f1514ec5-7312-40a5-aa54-c4a962c4c74d|drop sequence if exists member_seq|drop sequence if exists member_seq
1740925759994|0|statement|connection 317|url jdbc:h2:mem:f1514ec5-7312-40a5-aa54-c4a962c4c74d|drop sequence if exists post_seq|drop sequence if exists post_seq
1740926001986|0|statement|connection 317|url jdbc:h2:mem:2cce9d3d-9f9e-4f95-9ddf-6ce81c2be4a9|drop table if exists comments cascade |drop table if exists comments cascade 
1740926001986|0|statement|connection 317|url jdbc:h2:mem:2cce9d3d-9f9e-4f95-9ddf-6ce81c2be4a9|drop table if exists member cascade |drop table if exists member cascade 
1740926001986|0|statement|connection 317|url jdbc:h2:mem:2cce9d3d-9f9e-4f95-9ddf-6ce81c2be4a9|drop table if exists post cascade |drop table if exists post cascade 
1740926001986|0|statement|connection 317|url jdbc:h2:mem:2cce9d3d-9f9e-4f95-9ddf-6ce81c2be4a9|drop sequence if exists comments_seq|drop sequence if exists comments_seq
1740926001987|0|statement|connection 317|url jdbc:h2:mem:2cce9d3d-9f9e-4f95-9ddf-6ce81c2be4a9|drop sequence if exists member_seq|drop sequence if exists member_seq
1740926001987|0|statement|connection 317|url jdbc:h2:mem:2cce9d3d-9f9e-4f95-9ddf-6ce81c2be4a9|drop sequence if exists post_seq|drop sequence if exists post_seq
1740940999099|0|statement|connection 317|url jdbc:h2:mem:86423c1a-3e2c-43d2-b23e-b9d7ef7b6099|drop table if exists comments cascade |drop table if exists comments cascade 
1740940999101|0|statement|connection 317|url jdbc:h2:mem:86423c1a-3e2c-43d2-b23e-b9d7ef7b6099|drop table if exists member cascade |drop table if exists member cascade 
1740940999101|0|statement|connection 317|url jdbc:h2:mem:86423c1a-3e2c-43d2-b23e-b9d7ef7b6099|drop table if exists post cascade |drop table if exists post cascade 
1740940999101|0|statement|connection 317|url jdbc:h2:mem:86423c1a-3e2c-43d2-b23e-b9d7ef7b6099|drop sequence if exists comments_seq|drop sequence if exists comments_seq
1740940999101|0|statement|connection 317|url jdbc:h2:mem:86423c1a-3e2c-43d2-b23e-b9d7ef7b6099|drop sequence if exists member_seq|drop sequence if exists member_seq
1740940999101|0|statement|connection 317|url jdbc:h2:mem:86423c1a-3e2c-43d2-b23e-b9d7ef7b6099|drop sequence if exists post_seq|drop sequence if exists post_seq
1740941292396|0|statement|connection 41|url jdbc:h2:mem:ab993eed-1096-4c46-afb8-14c97734c092|drop table if exists comments cascade |drop table if exists comments cascade 
1740941292397|0|statement|connection 41|url jdbc:h2:mem:ab993eed-1096-4c46-afb8-14c97734c092|drop table if exists member cascade |drop table if exists member cascade 
1740941292397|0|statement|connection 41|url jdbc:h2:mem:ab993eed-1096-4c46-afb8-14c97734c092|drop table if exists post cascade |drop table if exists post cascade 
1740941292397|0|statement|connection 41|url jdbc:h2:mem:ab993eed-1096-4c46-afb8-14c97734c092|drop sequence if exists comments_seq|drop sequence if exists comments_seq
1740941292397|0|statement|connection 41|url jdbc:h2:mem:ab993eed-1096-4c46-afb8-14c97734c092|drop sequence if exists member_seq|drop sequence if exists member_seq
1740941292397|0|statement|connection 41|url jdbc:h2:mem:ab993eed-1096-4c46-afb8-14c97734c092|drop sequence if exists post_seq|drop sequence if exists post_seq
1740999912266|0|statement|connection 317|url jdbc:h2:mem:abe9789e-4367-4377-90ee-1d1c6da1f34e|drop table if exists comments cascade |drop table if exists comments cascade 
1740999912266|0|statement|connection 317|url jdbc:h2:mem:abe9789e-4367-4377-90ee-1d1c6da1f34e|drop table if exists member cascade |drop table if exists member cascade 
1740999912267|0|statement|connection 317|url jdbc:h2:mem:abe9789e-4367-4377-90ee-1d1c6da1f34e|drop table if exists post cascade |drop table if exists post cascade 
1740999912267|0|statement|connection 317|url jdbc:h2:mem:abe9789e-4367-4377-90ee-1d1c6da1f34e|drop sequence if exists comments_seq|drop sequence if exists comments_seq
1740999912267|0|statement|connection 317|url jdbc:h2:mem:abe9789e-4367-4377-90ee-1d1c6da1f34e|drop sequence if exists member_seq|drop sequence if exists member_seq
1740999912267|0|statement|connection 317|url jdbc:h2:mem:abe9789e-4367-4377-90ee-1d1c6da1f34e|drop sequence if exists post_seq|drop sequence if exists post_seq
1741000241744|0|statement|connection 39|url jdbc:h2:mem:2c4ef5f3-9060-4205-9f61-cb18b6e7aeb8|drop table if exists comments cascade |drop table if exists comments cascade 
1741000241745|0|statement|connection 39|url jdbc:h2:mem:2c4ef5f3-9060-4205-9f61-cb18b6e7aeb8|drop table if exists member cascade |drop table if exists member cascade 
1741000241745|0|statement|connection 39|url jdbc:h2:mem:2c4ef5f3-9060-4205-9f61-cb18b6e7aeb8|drop table if exists post cascade |drop table if exists post cascade 
1741000241745|0|statement|connection 39|url jdbc:h2:mem:2c4ef5f3-9060-4205-9f61-cb18b6e7aeb8|drop sequence if exists comments_seq|drop sequence if exists comments_seq
1741000241745|0|statement|connection 39|url jdbc:h2:mem:2c4ef5f3-9060-4205-9f61-cb18b6e7aeb8|drop sequence if exists member_seq|drop sequence if exists member_seq
1741000241745|0|statement|connection 39|url jdbc:h2:mem:2c4ef5f3-9060-4205-9f61-cb18b6e7aeb8|drop sequence if exists post_seq|drop sequence if exists post_seq
1741000300333|0|statement|connection 39|url jdbc:h2:mem:dcfb5c73-2422-459b-9f9f-0bb3a00d9b3a|drop table if exists comments cascade |drop table if exists comments cascade 
1741000300334|0|statement|connection 39|url jdbc:h2:mem:dcfb5c73-2422-459b-9f9f-0bb3a00d9b3a|drop table if exists member cascade |drop table if exists member cascade 
1741000300334|0|statement|connection 39|url jdbc:h2:mem:dcfb5c73-2422-459b-9f9f-0bb3a00d9b3a|drop table if exists post cascade |drop table if exists post cascade 
1741000300334|0|statement|connection 39|url jdbc:h2:mem:dcfb5c73-2422-459b-9f9f-0bb3a00d9b3a|drop sequence if exists comments_seq|drop sequence if exists comments_seq
1741000300335|0|statement|connection 39|url jdbc:h2:mem:dcfb5c73-2422-459b-9f9f-0bb3a00d9b3a|drop sequence if exists member_seq|drop sequence if exists member_seq
1741000300335|0|statement|connection 39|url jdbc:h2:mem:dcfb5c73-2422-459b-9f9f-0bb3a00d9b3a|drop sequence if exists post_seq|drop sequence if exists post_seq
1741000429163|0|statement|connection 39|url jdbc:h2:mem:786b9442-e3c2-4db5-a08f-64e84c40eb50|drop table if exists comments cascade |drop table if exists comments cascade 
1741000429164|0|statement|connection 39|url jdbc:h2:mem:786b9442-e3c2-4db5-a08f-64e84c40eb50|drop table if exists member cascade |drop table if exists member cascade 
1741000429164|0|statement|connection 39|url jdbc:h2:mem:786b9442-e3c2-4db5-a08f-64e84c40eb50|drop table if exists post cascade |drop table if exists post cascade 
1741000429164|0|statement|connection 39|url jdbc:h2:mem:786b9442-e3c2-4db5-a08f-64e84c40eb50|drop sequence if exists comments_seq|drop sequence if exists comments_seq
1741000429164|0|statement|connection 39|url jdbc:h2:mem:786b9442-e3c2-4db5-a08f-64e84c40eb50|drop sequence if exists member_seq|drop sequence if exists member_seq
1741000429164|0|statement|connection 39|url jdbc:h2:mem:786b9442-e3c2-4db5-a08f-64e84c40eb50|drop sequence if exists post_seq|drop sequence if exists post_seq
